d:\users\201736057\documents\tp_final_client_serveur_2019\rotationdll\rotationdll\debug\vc142.pdb
d:\users\201736057\documents\tp_final_client_serveur_2019\rotationdll\rotationdll\debug\vc142.idb
d:\users\201736057\documents\tp_final_client_serveur_2019\rotationdll\rotationdll\debug\rotation.obj
d:\users\201736057\documents\tp_final_client_serveur_2019\client\debug\rotationdll.ilk
d:\users\201736057\documents\tp_final_client_serveur_2019\client\debug\rotationdll.dll
d:\users\201736057\documents\tp_final_client_serveur_2019\client\debug\rotationdll.pdb
d:\users\201736057\documents\tp_final_client_serveur_2019\client\debug\rotationdll.lib
d:\users\201736057\documents\tp_final_client_serveur_2019\client\debug\rotationdll.exp
c:\users\vincent\documents\cegep\session5\client_serveur\tp_final_client_serveur_2019\rotationdll\rotationdll\debug\rotation.obj
c:\users\vincent\documents\cegep\session5\client_serveur\tp_final_client_serveur_2019\rotationdll\rotationdll\debug\vc142.idb
c:\users\vincent\documents\cegep\session5\client_serveur\tp_final_client_serveur_2019\rotationdll\rotationdll\debug\vc142.pdb
c:\users\vincent\documents\cegep\session5\client_serveur\tp_final_client_serveur_2019\client\debug\rotationdll.pdb
c:\users\vincent\documents\cegep\session5\client_serveur\tp_final_client_serveur_2019\client\debug\rotationdll.dll
c:\users\vincent\documents\cegep\session5\client_serveur\tp_final_client_serveur_2019\client\debug\rotationdll.ilk
c:\users\vincent\documents\cegep\session5\client_serveur\tp_final_client_serveur_2019\rotationdll\rotationdll\debug\rotationdll.tlog\cl.command.1.tlog
c:\users\vincent\documents\cegep\session5\client_serveur\tp_final_client_serveur_2019\rotationdll\rotationdll\debug\rotationdll.tlog\cl.read.1.tlog
c:\users\vincent\documents\cegep\session5\client_serveur\tp_final_client_serveur_2019\rotationdll\rotationdll\debug\rotationdll.tlog\cl.write.1.tlog
c:\users\vincent\documents\cegep\session5\client_serveur\tp_final_client_serveur_2019\rotationdll\rotationdll\debug\rotationdll.tlog\link.command.1.tlog
c:\users\vincent\documents\cegep\session5\client_serveur\tp_final_client_serveur_2019\rotationdll\rotationdll\debug\rotationdll.tlog\link.delete.1.tlog
c:\users\vincent\documents\cegep\session5\client_serveur\tp_final_client_serveur_2019\rotationdll\rotationdll\debug\rotationdll.tlog\link.read.1.tlog
c:\users\vincent\documents\cegep\session5\client_serveur\tp_final_client_serveur_2019\rotationdll\rotationdll\debug\rotationdll.tlog\link.write.1.tlog
c:\users\vincent\documents\cegep\session5\client_serveur\tp_final_client_serveur_2019\rotationdll\rotationdll\debug\rotationdll.tlog\rotationdll.write.1u.tlog
